This file contains any messages produced by compilers while
running configure, to aid debugging if configure makes a mistake.

It was created by boblight configure 2.0, which was
generated by GNU Autoconf 2.68.  Invocation command line was

  $ ./configure CC=mipsel-unknown-linux-gnu-gcc CXX=mipsel-unknown-linux-gnu-g++ --prefix=/home/martijn/Bureaublad/Boblight/build/last-build/ --host=mipsel-unknown-linux-gnu CPPFLAGS=-mhard-float

## --------- ##
## Platform. ##
## --------- ##

hostname = martijn-K72Jk
uname -m = i686
uname -r = 3.2.0-20-generic-pae
uname -s = Linux
uname -v = #32-Ubuntu SMP Thu Mar 22 02:43:40 UTC 2012

/usr/bin/uname -p = unknown
/bin/uname -X     = unknown

/bin/arch              = unknown
/usr/bin/arch -k       = unknown
/usr/convex/getsysinfo = unknown
/usr/bin/hostinfo      = unknown
/bin/machine           = unknown
/usr/bin/oslevel       = unknown
/bin/universe          = unknown

PATH: /usr/local/sbin
PATH: /usr/local/bin
PATH: /usr/sbin
PATH: /usr/bin
PATH: /sbin
PATH: /bin
PATH: /home/martijn/android-sdk/tools
PATH: /home/martijn/android-sdk/platform-tools
PATH: /home/martijn/bin
PATH: /opt/mipsel-unknown-linux-gnu/bin/


## ----------- ##
## Core tests. ##
## ----------- ##

configure:2403: checking for a BSD-compatible install
configure:2471: result: /usr/bin/install -c
configure:2482: checking whether build environment is sane
configure:2532: result: yes
configure:2581: checking for mipsel-unknown-linux-gnu-strip
configure:2597: found /opt/mipsel-unknown-linux-gnu/bin//mipsel-unknown-linux-gnu-strip
configure:2608: result: mipsel-unknown-linux-gnu-strip
configure:2673: checking for a thread-safe mkdir -p
configure:2712: result: /bin/mkdir -p
configure:2725: checking for gawk
configure:2741: found /usr/bin/gawk
configure:2752: result: gawk
configure:2763: checking whether make sets $(MAKE)
configure:2785: result: yes
configure:2868: checking whether to enable maintainer-specific portions of Makefiles
configure:2877: result: no
configure:2903: checking for style of include used by make
configure:2931: result: GNU
configure:2962: checking for mipsel-unknown-linux-gnu-gcc
configure:2989: result: mipsel-unknown-linux-gnu-gcc
configure:3258: checking for C compiler version
configure:3267: mipsel-unknown-linux-gnu-gcc --version >&5
mipsel-unknown-linux-gnu-gcc (crosstool-NG-1.3.3) 4.3.2
Copyright (C) 2008 Free Software Foundation, Inc.
This is free software; see the source for copying conditions.  There is NO
warranty; not even for MERCHANTABILITY or FITNESS FOR A PARTICULAR PURPOSE.

configure:3278: $? = 0
configure:3267: mipsel-unknown-linux-gnu-gcc -v >&5
Using built-in specs.
Target: mipsel-unknown-linux-gnu
Configured with: /opt/toolchain-build/targets/src/gcc-4.3.2/configure --build=i386-build_redhat-linux-gnu --host=i386-build_redhat-linux-gnu --target=mipsel-unknown-linux-gnu --prefix=/root/x-tools/mipsel-unknown-linux-gnu --with-sysroot=/root/x-tools/mipsel-unknown-linux-gnu/mipsel-unknown-linux-gnu/sys-root --enable-languages=c,c++,fortran --disable-multilib --with-arch=mips1 --with-float=soft --with-gmp=/root/x-tools/mipsel-unknown-linux-gnu --with-mpfr=/root/x-tools/mipsel-unknown-linux-gnu --with-pkgversion=crosstool-NG-1.3.3 --enable-__cxa_atexit --with-local-prefix=/root/x-tools/mipsel-unknown-linux-gnu/mipsel-unknown-linux-gnu/sys-root --disable-nls --enable-threads=posix --enable-symvers=gnu --enable-c99 --enable-long-long --enable-target-optspace
Thread model: posix
gcc version 4.3.2 (crosstool-NG-1.3.3) 
configure:3278: $? = 0
configure:3267: mipsel-unknown-linux-gnu-gcc -V >&5
mipsel-unknown-linux-gnu-gcc: '-V' option must have argument
configure:3278: $? = 1
configure:3267: mipsel-unknown-linux-gnu-gcc -qversion >&5
mipsel-unknown-linux-gnu-gcc: unrecognized option '-qversion'
mipsel-unknown-linux-gnu-gcc: no input files
configure:3278: $? = 1
configure:3298: checking whether the C compiler works
configure:3320: mipsel-unknown-linux-gnu-gcc  -mhard-float  conftest.c  >&5
/opt/mipsel-unknown-linux-gnu/bin/../lib/gcc/mipsel-unknown-linux-gnu/4.3.2/../../../../mipsel-unknown-linux-gnu/bin/ld: Warning: /tmp/cc27jRPJ.o uses hard float, a.out uses soft float
configure:3324: $? = 0
configure:3372: result: yes
configure:3375: checking for C compiler default output file name
configure:3377: result: a.out
configure:3383: checking for suffix of executables
configure:3390: mipsel-unknown-linux-gnu-gcc -o conftest  -mhard-float  conftest.c  >&5
/opt/mipsel-unknown-linux-gnu/bin/../lib/gcc/mipsel-unknown-linux-gnu/4.3.2/../../../../mipsel-unknown-linux-gnu/bin/ld: Warning: /tmp/ccwDhI8T.o uses hard float, conftest uses soft float
configure:3394: $? = 0
configure:3416: result: 
configure:3438: checking whether we are cross compiling
configure:3446: mipsel-unknown-linux-gnu-gcc -o conftest  -mhard-float  conftest.c  >&5
/opt/mipsel-unknown-linux-gnu/bin/../lib/gcc/mipsel-unknown-linux-gnu/4.3.2/../../../../mipsel-unknown-linux-gnu/bin/ld: Warning: /tmp/ccQSFiT8.o uses hard float, conftest uses soft float
configure:3450: $? = 0
configure:3457: ./conftest
./configure: line 3459: ./conftest: cannot execute binary file
configure:3461: $? = 126
configure:3476: result: yes
configure:3481: checking for suffix of object files
configure:3503: mipsel-unknown-linux-gnu-gcc -c  -mhard-float conftest.c >&5
configure:3507: $? = 0
configure:3528: result: o
configure:3532: checking whether we are using the GNU C compiler
configure:3551: mipsel-unknown-linux-gnu-gcc -c  -mhard-float conftest.c >&5
configure:3551: $? = 0
configure:3560: result: yes
configure:3569: checking whether mipsel-unknown-linux-gnu-gcc accepts -g
configure:3589: mipsel-unknown-linux-gnu-gcc -c -g -mhard-float conftest.c >&5
configure:3589: $? = 0
configure:3630: result: yes
configure:3647: checking for mipsel-unknown-linux-gnu-gcc option to accept ISO C89
configure:3711: mipsel-unknown-linux-gnu-gcc  -c -O3 -mhard-float conftest.c >&5
configure:3711: $? = 0
configure:3724: result: none needed
configure:3746: checking dependency style of mipsel-unknown-linux-gnu-gcc
configure:3857: result: gcc3
configure:3873: checking for library containing strerror
configure:3904: mipsel-unknown-linux-gnu-gcc -o conftest -O3 -mhard-float  conftest.c  >&5
/opt/mipsel-unknown-linux-gnu/bin/../lib/gcc/mipsel-unknown-linux-gnu/4.3.2/../../../../mipsel-unknown-linux-gnu/bin/ld: Warning: /tmp/ccQ1byur.o uses hard float, conftest uses soft float
configure:3904: $? = 0
configure:3921: result: none required
configure:4041: checking for C++ compiler version
configure:4050: mipsel-unknown-linux-gnu-g++ --version >&5
mipsel-unknown-linux-gnu-g++ (crosstool-NG-1.3.3) 4.3.2
Copyright (C) 2008 Free Software Foundation, Inc.
This is free software; see the source for copying conditions.  There is NO
warranty; not even for MERCHANTABILITY or FITNESS FOR A PARTICULAR PURPOSE.

configure:4061: $? = 0
configure:4050: mipsel-unknown-linux-gnu-g++ -v >&5
Using built-in specs.
Target: mipsel-unknown-linux-gnu
Configured with: /opt/toolchain-build/targets/src/gcc-4.3.2/configure --build=i386-build_redhat-linux-gnu --host=i386-build_redhat-linux-gnu --target=mipsel-unknown-linux-gnu --prefix=/root/x-tools/mipsel-unknown-linux-gnu --with-sysroot=/root/x-tools/mipsel-unknown-linux-gnu/mipsel-unknown-linux-gnu/sys-root --enable-languages=c,c++,fortran --disable-multilib --with-arch=mips1 --with-float=soft --with-gmp=/root/x-tools/mipsel-unknown-linux-gnu --with-mpfr=/root/x-tools/mipsel-unknown-linux-gnu --with-pkgversion=crosstool-NG-1.3.3 --enable-__cxa_atexit --with-local-prefix=/root/x-tools/mipsel-unknown-linux-gnu/mipsel-unknown-linux-gnu/sys-root --disable-nls --enable-threads=posix --enable-symvers=gnu --enable-c99 --enable-long-long --enable-target-optspace
Thread model: posix
gcc version 4.3.2 (crosstool-NG-1.3.3) 
configure:4061: $? = 0
configure:4050: mipsel-unknown-linux-gnu-g++ -V >&5
mipsel-unknown-linux-gnu-g++: '-V' option must have argument
configure:4061: $? = 1
configure:4050: mipsel-unknown-linux-gnu-g++ -qversion >&5
mipsel-unknown-linux-gnu-g++: unrecognized option '-qversion'
mipsel-unknown-linux-gnu-g++: no input files
configure:4061: $? = 1
configure:4065: checking whether we are using the GNU C++ compiler
configure:4084: mipsel-unknown-linux-gnu-g++ -c  -mhard-float conftest.cpp >&5
configure:4084: $? = 0
configure:4093: result: yes
configure:4102: checking whether mipsel-unknown-linux-gnu-g++ accepts -g
configure:4122: mipsel-unknown-linux-gnu-g++ -c -g -mhard-float conftest.cpp >&5
configure:4122: $? = 0
configure:4163: result: yes
configure:4188: checking dependency style of mipsel-unknown-linux-gnu-g++
configure:4299: result: gcc3
configure:4322: checking for mipsel-unknown-linux-gnu-gcc
configure:4349: result: mipsel-unknown-linux-gnu-gcc
configure:4618: checking for C compiler version
configure:4627: mipsel-unknown-linux-gnu-gcc --version >&5
mipsel-unknown-linux-gnu-gcc (crosstool-NG-1.3.3) 4.3.2
Copyright (C) 2008 Free Software Foundation, Inc.
This is free software; see the source for copying conditions.  There is NO
warranty; not even for MERCHANTABILITY or FITNESS FOR A PARTICULAR PURPOSE.

configure:4638: $? = 0
configure:4627: mipsel-unknown-linux-gnu-gcc -v >&5
Using built-in specs.
Target: mipsel-unknown-linux-gnu
Configured with: /opt/toolchain-build/targets/src/gcc-4.3.2/configure --build=i386-build_redhat-linux-gnu --host=i386-build_redhat-linux-gnu --target=mipsel-unknown-linux-gnu --prefix=/root/x-tools/mipsel-unknown-linux-gnu --with-sysroot=/root/x-tools/mipsel-unknown-linux-gnu/mipsel-unknown-linux-gnu/sys-root --enable-languages=c,c++,fortran --disable-multilib --with-arch=mips1 --with-float=soft --with-gmp=/root/x-tools/mipsel-unknown-linux-gnu --with-mpfr=/root/x-tools/mipsel-unknown-linux-gnu --with-pkgversion=crosstool-NG-1.3.3 --enable-__cxa_atexit --with-local-prefix=/root/x-tools/mipsel-unknown-linux-gnu/mipsel-unknown-linux-gnu/sys-root --disable-nls --enable-threads=posix --enable-symvers=gnu --enable-c99 --enable-long-long --enable-target-optspace
Thread model: posix
gcc version 4.3.2 (crosstool-NG-1.3.3) 
configure:4638: $? = 0
configure:4627: mipsel-unknown-linux-gnu-gcc -V >&5
mipsel-unknown-linux-gnu-gcc: '-V' option must have argument
configure:4638: $? = 1
configure:4627: mipsel-unknown-linux-gnu-gcc -qversion >&5
mipsel-unknown-linux-gnu-gcc: unrecognized option '-qversion'
mipsel-unknown-linux-gnu-gcc: no input files
configure:4638: $? = 1
configure:4642: checking whether we are using the GNU C compiler
configure:4670: result: yes
configure:4679: checking whether mipsel-unknown-linux-gnu-gcc accepts -g
configure:4740: result: yes
configure:4757: checking for mipsel-unknown-linux-gnu-gcc option to accept ISO C89
configure:4834: result: none needed
configure:4856: checking dependency style of mipsel-unknown-linux-gnu-gcc
configure:4967: result: gcc3
configure:4990: checking how to run the C preprocessor
configure:5021: mipsel-unknown-linux-gnu-gcc -E -mhard-float conftest.c
configure:5021: $? = 0
configure:5035: mipsel-unknown-linux-gnu-gcc -E -mhard-float conftest.c
conftest.c:11:28: error: ac_nonexistent.h: No such file or directory
configure:5035: $? = 1
configure: failed program was:
| /* confdefs.h */
| #define PACKAGE_NAME "boblight"
| #define PACKAGE_TARNAME "boblight"
| #define PACKAGE_VERSION "2.0"
| #define PACKAGE_STRING "boblight 2.0"
| #define PACKAGE_BUGREPORT ""
| #define PACKAGE_URL ""
| #define PACKAGE "boblight"
| #define VERSION "2.0"
| /* end confdefs.h.  */
| #include <ac_nonexistent.h>
configure:5060: result: mipsel-unknown-linux-gnu-gcc -E
configure:5080: mipsel-unknown-linux-gnu-gcc -E -mhard-float conftest.c
configure:5080: $? = 0
configure:5094: mipsel-unknown-linux-gnu-gcc -E -mhard-float conftest.c
conftest.c:11:28: error: ac_nonexistent.h: No such file or directory
configure:5094: $? = 1
configure: failed program was:
| /* confdefs.h */
| #define PACKAGE_NAME "boblight"
| #define PACKAGE_TARNAME "boblight"
| #define PACKAGE_VERSION "2.0"
| #define PACKAGE_STRING "boblight 2.0"
| #define PACKAGE_BUGREPORT ""
| #define PACKAGE_URL ""
| #define PACKAGE "boblight"
| #define VERSION "2.0"
| /* end confdefs.h.  */
| #include <ac_nonexistent.h>
configure:5123: checking for grep that handles long lines and -e
configure:5181: result: /bin/grep
configure:5186: checking for egrep
configure:5248: result: /bin/grep -E
configure:5253: checking for ANSI C header files
configure:5273: mipsel-unknown-linux-gnu-gcc -c -O3 -mhard-float conftest.c >&5
configure:5273: $? = 0
configure:5357: result: yes
configure:5395: checking build system type
configure:5409: result: i686-pc-linux-gnu
configure:5429: checking host system type
configure:5442: result: mipsel-unknown-linux-gnu
configure:5483: checking how to print strings
configure:5510: result: printf
configure:5531: checking for a sed that does not truncate output
configure:5595: result: /bin/sed
configure:5613: checking for fgrep
configure:5675: result: /bin/grep -F
configure:5710: checking for ld used by mipsel-unknown-linux-gnu-gcc
configure:5777: result: /opt/mipsel-unknown-linux-gnu/mipsel-unknown-linux-gnu/bin/ld
configure:5784: checking if the linker (/opt/mipsel-unknown-linux-gnu/mipsel-unknown-linux-gnu/bin/ld) is GNU ld
configure:5799: result: yes
configure:5811: checking for BSD- or MS-compatible name lister (nm)
configure:5860: result: /opt/mipsel-unknown-linux-gnu/bin//mipsel-unknown-linux-gnu-nm -B
configure:5990: checking the name lister (/opt/mipsel-unknown-linux-gnu/bin//mipsel-unknown-linux-gnu-nm -B) interface
configure:5997: mipsel-unknown-linux-gnu-gcc -c -O3 -mhard-float conftest.c >&5
configure:6000: /opt/mipsel-unknown-linux-gnu/bin//mipsel-unknown-linux-gnu-nm -B "conftest.o"
configure:6003: output
00000000 B some_variable
configure:6010: result: BSD nm
configure:6013: checking whether ln -s works
configure:6017: result: yes
configure:6025: checking the maximum length of command line arguments
configure:6155: result: 1572864
configure:6172: checking whether the shell understands some XSI constructs
configure:6182: result: yes
configure:6186: checking whether the shell understands "+="
configure:6192: result: yes
configure:6227: checking how to convert i686-pc-linux-gnu file names to mipsel-unknown-linux-gnu format
configure:6267: result: func_convert_file_noop
configure:6274: checking how to convert i686-pc-linux-gnu file names to toolchain format
configure:6294: result: func_convert_file_noop
configure:6301: checking for /opt/mipsel-unknown-linux-gnu/mipsel-unknown-linux-gnu/bin/ld option to reload object files
configure:6308: result: -r
configure:6342: checking for mipsel-unknown-linux-gnu-objdump
configure:6358: found /opt/mipsel-unknown-linux-gnu/bin//mipsel-unknown-linux-gnu-objdump
configure:6369: result: mipsel-unknown-linux-gnu-objdump
configure:6441: checking how to recognize dependent libraries
configure:6643: result: pass_all
configure:6688: checking for mipsel-unknown-linux-gnu-dlltool
configure:6718: result: no
configure:6728: checking for dlltool
configure:6758: result: no
configure:6788: checking how to associate runtime and link libraries
configure:6815: result: printf %s\n
configure:6831: checking for mipsel-unknown-linux-gnu-ar
configure:6847: found /opt/mipsel-unknown-linux-gnu/bin//mipsel-unknown-linux-gnu-ar
configure:6858: result: mipsel-unknown-linux-gnu-ar
configure:6939: checking for archiver @FILE support
configure:6956: mipsel-unknown-linux-gnu-gcc -c -O3 -mhard-float conftest.c >&5
configure:6956: $? = 0
configure:6959: mipsel-unknown-linux-gnu-ar cru libconftest.a @conftest.lst >&5
configure:6962: $? = 0
configure:6967: mipsel-unknown-linux-gnu-ar cru libconftest.a @conftest.lst >&5
mipsel-unknown-linux-gnu-ar: conftest.o: No such file or directory
configure:6970: $? = 1
configure:6982: result: @
configure:7000: checking for mipsel-unknown-linux-gnu-strip
configure:7027: result: mipsel-unknown-linux-gnu-strip
configure:7099: checking for mipsel-unknown-linux-gnu-ranlib
configure:7115: found /opt/mipsel-unknown-linux-gnu/bin//mipsel-unknown-linux-gnu-ranlib
configure:7126: result: mipsel-unknown-linux-gnu-ranlib
configure:7268: checking command to parse /opt/mipsel-unknown-linux-gnu/bin//mipsel-unknown-linux-gnu-nm -B output from mipsel-unknown-linux-gnu-gcc object
configure:7388: mipsel-unknown-linux-gnu-gcc -c -O3 -mhard-float conftest.c >&5
configure:7391: $? = 0
configure:7395: /opt/mipsel-unknown-linux-gnu/bin//mipsel-unknown-linux-gnu-nm -B conftest.o \| sed -n -e 's/^.*[ ]\([ABCDGIRSTW][ABCDGIRSTW]*\)[ ][ ]*\([_A-Za-z][_A-Za-z0-9]*\)$/\1 \2 \2/p' | sed '/ __gnu_lto/d' \> conftest.nm
configure:7398: $? = 0
configure:7464: mipsel-unknown-linux-gnu-gcc -o conftest -O3 -mhard-float  conftest.c conftstm.o >&5
/opt/mipsel-unknown-linux-gnu/bin/../lib/gcc/mipsel-unknown-linux-gnu/4.3.2/../../../../mipsel-unknown-linux-gnu/bin/ld: Warning: /tmp/ccizFzcn.o uses hard float, conftest uses soft float
/opt/mipsel-unknown-linux-gnu/bin/../lib/gcc/mipsel-unknown-linux-gnu/4.3.2/../../../../mipsel-unknown-linux-gnu/bin/ld: Warning: conftstm.o uses hard float, conftest uses soft float
configure:7467: $? = 0
configure:7505: result: ok
configure:7542: checking for sysroot
configure:7572: result: no
configure:7788: checking for mipsel-unknown-linux-gnu-mt
configure:7818: result: no
configure:7828: checking for mt
configure:7844: found /bin/mt
configure:7855: result: mt
configure:7867: WARNING: using cross tools not prefixed with host triplet
configure:7878: checking if mt is a manifest tool
configure:7884: mt '-?'
configure:7892: result: no
configure:8534: checking for sys/types.h
configure:8534: mipsel-unknown-linux-gnu-gcc -c -O3 -mhard-float conftest.c >&5
configure:8534: $? = 0
configure:8534: result: yes
configure:8534: checking for sys/stat.h
configure:8534: mipsel-unknown-linux-gnu-gcc -c -O3 -mhard-float conftest.c >&5
configure:8534: $? = 0
configure:8534: result: yes
configure:8534: checking for stdlib.h
configure:8534: mipsel-unknown-linux-gnu-gcc -c -O3 -mhard-float conftest.c >&5
configure:8534: $? = 0
configure:8534: result: yes
configure:8534: checking for string.h
configure:8534: mipsel-unknown-linux-gnu-gcc -c -O3 -mhard-float conftest.c >&5
configure:8534: $? = 0
configure:8534: result: yes
configure:8534: checking for memory.h
configure:8534: mipsel-unknown-linux-gnu-gcc -c -O3 -mhard-float conftest.c >&5
configure:8534: $? = 0
configure:8534: result: yes
configure:8534: checking for strings.h
configure:8534: mipsel-unknown-linux-gnu-gcc -c -O3 -mhard-float conftest.c >&5
configure:8534: $? = 0
configure:8534: result: yes
configure:8534: checking for inttypes.h
configure:8534: mipsel-unknown-linux-gnu-gcc -c -O3 -mhard-float conftest.c >&5
configure:8534: $? = 0
configure:8534: result: yes
configure:8534: checking for stdint.h
configure:8534: mipsel-unknown-linux-gnu-gcc -c -O3 -mhard-float conftest.c >&5
configure:8534: $? = 0
configure:8534: result: yes
configure:8534: checking for unistd.h
configure:8534: mipsel-unknown-linux-gnu-gcc -c -O3 -mhard-float conftest.c >&5
configure:8534: $? = 0
configure:8534: result: yes
configure:8548: checking for dlfcn.h
configure:8548: mipsel-unknown-linux-gnu-gcc -c -O3 -mhard-float conftest.c >&5
configure:8548: $? = 0
configure:8548: result: yes
configure:8765: checking for objdir
configure:8780: result: .libs
configure:9047: checking if mipsel-unknown-linux-gnu-gcc supports -fno-rtti -fno-exceptions
configure:9065: mipsel-unknown-linux-gnu-gcc -c -O3 -mhard-float -fno-rtti -fno-exceptions conftest.c >&5
cc1: warning: command line option "-fno-rtti" is valid for C++/ObjC++ but not for C
configure:9069: $? = 0
configure:9082: result: no
configure:9409: checking for mipsel-unknown-linux-gnu-gcc option to produce PIC
configure:9416: result: -fPIC -DPIC
configure:9424: checking if mipsel-unknown-linux-gnu-gcc PIC flag -fPIC -DPIC works
configure:9442: mipsel-unknown-linux-gnu-gcc -c -O3 -mhard-float -fPIC -DPIC -DPIC conftest.c >&5
configure:9446: $? = 0
configure:9459: result: yes
configure:9488: checking if mipsel-unknown-linux-gnu-gcc static flag -static works
/opt/mipsel-unknown-linux-gnu/bin/../lib/gcc/mipsel-unknown-linux-gnu/4.3.2/../../../../mipsel-unknown-linux-gnu/bin/ld: Warning: /tmp/ccUGrhYK.o uses hard float, conftest uses soft float
configure:9516: result: no
configure:9531: checking if mipsel-unknown-linux-gnu-gcc supports -c -o file.o
configure:9552: mipsel-unknown-linux-gnu-gcc -c -O3 -mhard-float -o out/conftest2.o conftest.c >&5
configure:9556: $? = 0
configure:9578: result: yes
configure:9586: checking if mipsel-unknown-linux-gnu-gcc supports -c -o file.o
configure:9633: result: yes
configure:9666: checking whether the mipsel-unknown-linux-gnu-gcc linker (/opt/mipsel-unknown-linux-gnu/mipsel-unknown-linux-gnu/bin/ld) supports shared libraries
configure:10823: result: yes
configure:10860: checking whether -lc should be explicitly linked in
configure:10868: mipsel-unknown-linux-gnu-gcc -c -O3 -mhard-float conftest.c >&5
configure:10871: $? = 0
configure:10886: mipsel-unknown-linux-gnu-gcc -shared  -fPIC -DPIC conftest.o  -v -Wl,-soname -Wl,conftest -o conftest 2\>\&1 \| /bin/grep  -lc  \>/dev/null 2\>\&1
configure:10889: $? = 0
configure:10903: result: no
configure:11063: checking dynamic linker characteristics
configure:11574: mipsel-unknown-linux-gnu-gcc -o conftest -O3 -mhard-float  -Wl,-rpath -Wl,/foo conftest.c  >&5
/opt/mipsel-unknown-linux-gnu/bin/../lib/gcc/mipsel-unknown-linux-gnu/4.3.2/../../../../mipsel-unknown-linux-gnu/bin/ld: Warning: /tmp/ccW8ySlg.o uses hard float, conftest uses soft float
configure:11574: $? = 0
configure:11808: result: GNU/Linux ld.so
configure:11915: checking how to hardcode library paths into programs
configure:11940: result: immediate
configure:12480: checking whether stripping libraries is possible
configure:12485: result: yes
configure:12520: checking if libtool supports shared libraries
configure:12522: result: yes
configure:12525: checking whether to build shared libraries
configure:12546: result: yes
configure:12549: checking whether to build static libraries
configure:12553: result: yes
configure:12576: checking how to run the C++ preprocessor
configure:12603: mipsel-unknown-linux-gnu-g++ -E -mhard-float conftest.cpp
configure:12603: $? = 0
configure:12617: mipsel-unknown-linux-gnu-g++ -E -mhard-float conftest.cpp
conftest.cpp:23:28: error: ac_nonexistent.h: No such file or directory
configure:12617: $? = 1
configure: failed program was:
| /* confdefs.h */
| #define PACKAGE_NAME "boblight"
| #define PACKAGE_TARNAME "boblight"
| #define PACKAGE_VERSION "2.0"
| #define PACKAGE_STRING "boblight 2.0"
| #define PACKAGE_BUGREPORT ""
| #define PACKAGE_URL ""
| #define PACKAGE "boblight"
| #define VERSION "2.0"
| #define STDC_HEADERS 1
| #define HAVE_SYS_TYPES_H 1
| #define HAVE_SYS_STAT_H 1
| #define HAVE_STDLIB_H 1
| #define HAVE_STRING_H 1
| #define HAVE_MEMORY_H 1
| #define HAVE_STRINGS_H 1
| #define HAVE_INTTYPES_H 1
| #define HAVE_STDINT_H 1
| #define HAVE_UNISTD_H 1
| #define HAVE_DLFCN_H 1
| #define LT_OBJDIR ".libs/"
| /* end confdefs.h.  */
| #include <ac_nonexistent.h>
configure:12642: result: mipsel-unknown-linux-gnu-g++ -E
configure:12662: mipsel-unknown-linux-gnu-g++ -E -mhard-float conftest.cpp
configure:12662: $? = 0
configure:12676: mipsel-unknown-linux-gnu-g++ -E -mhard-float conftest.cpp
conftest.cpp:23:28: error: ac_nonexistent.h: No such file or directory
configure:12676: $? = 1
configure: failed program was:
| /* confdefs.h */
| #define PACKAGE_NAME "boblight"
| #define PACKAGE_TARNAME "boblight"
| #define PACKAGE_VERSION "2.0"
| #define PACKAGE_STRING "boblight 2.0"
| #define PACKAGE_BUGREPORT ""
| #define PACKAGE_URL ""
| #define PACKAGE "boblight"
| #define VERSION "2.0"
| #define STDC_HEADERS 1
| #define HAVE_SYS_TYPES_H 1
| #define HAVE_SYS_STAT_H 1
| #define HAVE_STDLIB_H 1
| #define HAVE_STRING_H 1
| #define HAVE_MEMORY_H 1
| #define HAVE_STRINGS_H 1
| #define HAVE_INTTYPES_H 1
| #define HAVE_STDINT_H 1
| #define HAVE_UNISTD_H 1
| #define HAVE_DLFCN_H 1
| #define LT_OBJDIR ".libs/"
| /* end confdefs.h.  */
| #include <ac_nonexistent.h>
configure:12845: checking for ld used by mipsel-unknown-linux-gnu-g++
configure:12912: result: /opt/mipsel-unknown-linux-gnu/mipsel-unknown-linux-gnu/bin/ld
configure:12919: checking if the linker (/opt/mipsel-unknown-linux-gnu/mipsel-unknown-linux-gnu/bin/ld) is GNU ld
configure:12934: result: yes
configure:12989: checking whether the mipsel-unknown-linux-gnu-g++ linker (/opt/mipsel-unknown-linux-gnu/mipsel-unknown-linux-gnu/bin/ld) supports shared libraries
configure:13994: result: yes
configure:14030: mipsel-unknown-linux-gnu-g++ -c -O3 -mhard-float conftest.cpp >&5
configure:14033: $? = 0
configure:14553: checking for mipsel-unknown-linux-gnu-g++ option to produce PIC
configure:14560: result: -fPIC -DPIC
configure:14568: checking if mipsel-unknown-linux-gnu-g++ PIC flag -fPIC -DPIC works
configure:14586: mipsel-unknown-linux-gnu-g++ -c -O3 -mhard-float -fPIC -DPIC -DPIC conftest.cpp >&5
configure:14590: $? = 0
configure:14603: result: yes
configure:14626: checking if mipsel-unknown-linux-gnu-g++ static flag -static works
/opt/mipsel-unknown-linux-gnu/bin/../lib/gcc/mipsel-unknown-linux-gnu/4.3.2/../../../../mipsel-unknown-linux-gnu/bin/ld: Warning: /tmp/ccehBLT8.o uses hard float, conftest uses soft float
configure:14654: result: no
configure:14666: checking if mipsel-unknown-linux-gnu-g++ supports -c -o file.o
configure:14687: mipsel-unknown-linux-gnu-g++ -c -O3 -mhard-float -o out/conftest2.o conftest.cpp >&5
configure:14691: $? = 0
configure:14713: result: yes
configure:14718: checking if mipsel-unknown-linux-gnu-g++ supports -c -o file.o
configure:14765: result: yes
configure:14795: checking whether the mipsel-unknown-linux-gnu-g++ linker (/opt/mipsel-unknown-linux-gnu/mipsel-unknown-linux-gnu/bin/ld) supports shared libraries
configure:14834: result: yes
configure:14975: checking dynamic linker characteristics
configure:15654: result: GNU/Linux ld.so
configure:15707: checking how to hardcode library paths into programs
configure:15732: result: immediate
configure:15794: checking for main in -lpthread
configure:15813: mipsel-unknown-linux-gnu-gcc -o conftest -O3 -mhard-float  conftest.c -lpthread   >&5
/opt/mipsel-unknown-linux-gnu/bin/../lib/gcc/mipsel-unknown-linux-gnu/4.3.2/../../../../mipsel-unknown-linux-gnu/bin/ld: Warning: /tmp/ccQxLh8m.o uses hard float, conftest uses soft float
configure:15813: $? = 0
configure:15822: result: yes
configure:15833: checking for main in -lrt
configure:15852: mipsel-unknown-linux-gnu-gcc -o conftest -O3 -mhard-float  conftest.c -lrt  -lpthread  >&5
/opt/mipsel-unknown-linux-gnu/bin/../lib/gcc/mipsel-unknown-linux-gnu/4.3.2/../../../../mipsel-unknown-linux-gnu/bin/ld: Warning: /tmp/ccG2yJUF.o uses hard float, conftest uses soft float
configure:15852: $? = 0
configure:15861: result: yes
configure:15872: checking for main in -lm
configure:15891: mipsel-unknown-linux-gnu-gcc -o conftest -O3 -mhard-float  conftest.c -lm  -lrt -lpthread  >&5
/opt/mipsel-unknown-linux-gnu/bin/../lib/gcc/mipsel-unknown-linux-gnu/4.3.2/../../../../mipsel-unknown-linux-gnu/bin/ld: Warning: /tmp/ccsJ5OZZ.o uses hard float, conftest uses soft float
configure:15891: $? = 0
configure:15900: result: yes
configure:15911: checking for main in -ldl
configure:15930: mipsel-unknown-linux-gnu-gcc -o conftest -O3 -mhard-float  conftest.c -ldl  -lm -lrt -lpthread  >&5
/opt/mipsel-unknown-linux-gnu/bin/../lib/gcc/mipsel-unknown-linux-gnu/4.3.2/../../../../mipsel-unknown-linux-gnu/bin/ld: Warning: /tmp/ccyeDOqd.o uses hard float, conftest uses soft float
configure:15930: $? = 0
configure:15939: result: yes
configure:15950: checking for main in -lstdc++
configure:15969: mipsel-unknown-linux-gnu-gcc -o conftest -O3 -mhard-float  conftest.c -lstdc++  -ldl -lm -lrt -lpthread  >&5
/opt/mipsel-unknown-linux-gnu/bin/../lib/gcc/mipsel-unknown-linux-gnu/4.3.2/../../../../mipsel-unknown-linux-gnu/bin/ld: Warning: /tmp/ccYDkvRx.o uses hard float, conftest uses soft float
configure:15969: $? = 0
configure:15978: result: yes
configure:15989: checking for main in -lusb-1.0
configure:16008: mipsel-unknown-linux-gnu-gcc -o conftest -O3 -mhard-float  conftest.c -lusb-1.0  -lstdc++ -ldl -lm -lrt -lpthread  >&5
/opt/mipsel-unknown-linux-gnu/bin/../lib/gcc/mipsel-unknown-linux-gnu/4.3.2/../../../../mipsel-unknown-linux-gnu/bin/ld: Warning: /tmp/ccu8ERnV.o uses hard float, conftest uses soft float
configure:16008: $? = 0
configure:16017: result: yes
configure:16029: checking whether clock_gettime is declared
configure:16029: mipsel-unknown-linux-gnu-gcc -c -O3 -mhard-float conftest.c >&5
configure:16029: $? = 0
configure:16029: result: yes
configure:16041: checking pthread.h usability
configure:16041: mipsel-unknown-linux-gnu-gcc -c -O3 -mhard-float conftest.c >&5
configure:16041: $? = 0
configure:16041: result: yes
configure:16041: checking pthread.h presence
configure:16041: mipsel-unknown-linux-gnu-gcc -E -mhard-float conftest.c
configure:16041: $? = 0
configure:16041: result: yes
configure:16041: checking for pthread.h
configure:16041: result: yes
configure:16197: creating ./config.status

## ---------------------- ##
## Running config.status. ##
## ---------------------- ##

This file was extended by boblight config.status 2.0, which was
generated by GNU Autoconf 2.68.  Invocation command line was

  CONFIG_FILES    = 
  CONFIG_HEADERS  = 
  CONFIG_LINKS    = 
  CONFIG_COMMANDS = 
  $ ./config.status 

on martijn-K72Jk

config.status:1163: creating Makefile
config.status:1163: creating src/Makefile
config.status:1163: creating config.h
config.status:1344: config.h is unchanged
config.status:1392: executing depfiles commands
config.status:1392: executing libtool commands

## ---------------- ##
## Cache variables. ##
## ---------------- ##

ac_cv_build=i686-pc-linux-gnu
ac_cv_c_compiler_gnu=yes
ac_cv_cxx_compiler_gnu=yes
ac_cv_env_CCC_set=
ac_cv_env_CCC_value=
ac_cv_env_CC_set=set
ac_cv_env_CC_value=mipsel-unknown-linux-gnu-gcc
ac_cv_env_CFLAGS_set=
ac_cv_env_CFLAGS_value=
ac_cv_env_CPPFLAGS_set=set
ac_cv_env_CPPFLAGS_value=-mhard-float
ac_cv_env_CPP_set=
ac_cv_env_CPP_value=
ac_cv_env_CXXCPP_set=
ac_cv_env_CXXCPP_value=
ac_cv_env_CXXFLAGS_set=
ac_cv_env_CXXFLAGS_value=
ac_cv_env_CXX_set=set
ac_cv_env_CXX_value=mipsel-unknown-linux-gnu-g++
ac_cv_env_LDFLAGS_set=
ac_cv_env_LDFLAGS_value=
ac_cv_env_LIBS_set=
ac_cv_env_LIBS_value=
ac_cv_env_build_alias_set=
ac_cv_env_build_alias_value=
ac_cv_env_host_alias_set=set
ac_cv_env_host_alias_value=mipsel-unknown-linux-gnu
ac_cv_env_target_alias_set=
ac_cv_env_target_alias_value=
ac_cv_have_decl_clock_gettime=yes
ac_cv_header_dlfcn_h=yes
ac_cv_header_inttypes_h=yes
ac_cv_header_memory_h=yes
ac_cv_header_pthread_h=yes
ac_cv_header_stdc=yes
ac_cv_header_stdint_h=yes
ac_cv_header_stdlib_h=yes
ac_cv_header_string_h=yes
ac_cv_header_strings_h=yes
ac_cv_header_sys_stat_h=yes
ac_cv_header_sys_types_h=yes
ac_cv_header_unistd_h=yes
ac_cv_host=mipsel-unknown-linux-gnu
ac_cv_lib_dl_main=yes
ac_cv_lib_m_main=yes
ac_cv_lib_pthread_main=yes
ac_cv_lib_rt_main=yes
ac_cv_lib_stdcpp_main=yes
ac_cv_lib_usb_1_0_main=yes
ac_cv_objext=o
ac_cv_path_EGREP='/bin/grep -E'
ac_cv_path_FGREP='/bin/grep -F'
ac_cv_path_GREP=/bin/grep
ac_cv_path_SED=/bin/sed
ac_cv_path_install='/usr/bin/install -c'
ac_cv_path_mkdir=/bin/mkdir
ac_cv_prog_AR=mipsel-unknown-linux-gnu-ar
ac_cv_prog_AWK=gawk
ac_cv_prog_CC=mipsel-unknown-linux-gnu-gcc
ac_cv_prog_CPP='mipsel-unknown-linux-gnu-gcc -E'
ac_cv_prog_CXXCPP='mipsel-unknown-linux-gnu-g++ -E'
ac_cv_prog_OBJDUMP=mipsel-unknown-linux-gnu-objdump
ac_cv_prog_RANLIB=mipsel-unknown-linux-gnu-ranlib
ac_cv_prog_STRIP=mipsel-unknown-linux-gnu-strip
ac_cv_prog_ac_ct_MANIFEST_TOOL=mt
ac_cv_prog_cc_c89=
ac_cv_prog_cc_g=yes
ac_cv_prog_cxx_g=yes
ac_cv_prog_make_make_set=yes
ac_cv_search_strerror='none required'
am_cv_CC_dependencies_compiler_type=gcc3
am_cv_CXX_dependencies_compiler_type=gcc3
am_cv_prog_cc_stdc=
lt_cv_ar_at_file=@
lt_cv_archive_cmds_need_lc=no
lt_cv_deplibs_check_method=pass_all
lt_cv_file_magic_cmd='$MAGIC_CMD'
lt_cv_file_magic_test_file=
lt_cv_ld_reload_flag=-r
lt_cv_nm_interface='BSD nm'
lt_cv_objdir=.libs
lt_cv_path_LD=/opt/mipsel-unknown-linux-gnu/mipsel-unknown-linux-gnu/bin/ld
lt_cv_path_LDCXX=/opt/mipsel-unknown-linux-gnu/mipsel-unknown-linux-gnu/bin/ld
lt_cv_path_NM='/opt/mipsel-unknown-linux-gnu/bin//mipsel-unknown-linux-gnu-nm -B'
lt_cv_path_mainfest_tool=no
lt_cv_prog_compiler_c_o=yes
lt_cv_prog_compiler_c_o_CXX=yes
lt_cv_prog_compiler_pic='-fPIC -DPIC'
lt_cv_prog_compiler_pic_CXX='-fPIC -DPIC'
lt_cv_prog_compiler_pic_works=yes
lt_cv_prog_compiler_pic_works_CXX=yes
lt_cv_prog_compiler_rtti_exceptions=no
lt_cv_prog_compiler_static_works=no
lt_cv_prog_compiler_static_works_CXX=no
lt_cv_prog_gnu_ld=yes
lt_cv_prog_gnu_ldcxx=yes
lt_cv_sharedlib_from_linklib_cmd='printf %s\n'
lt_cv_shlibpath_overrides_runpath=yes
lt_cv_sys_global_symbol_pipe='sed -n -e '\''s/^.*[	 ]\([ABCDGIRSTW][ABCDGIRSTW]*\)[	 ][	 ]*\([_A-Za-z][_A-Za-z0-9]*\)$/\1 \2 \2/p'\'' | sed '\''/ __gnu_lto/d'\'''
lt_cv_sys_global_symbol_to_c_name_address='sed -n -e '\''s/^: \([^ ]*\)[ ]*$/  {\"\1\", (void *) 0},/p'\'' -e '\''s/^[ABCDGIRSTW]* \([^ ]*\) \([^ ]*\)$/  {"\2", (void *) \&\2},/p'\'''
lt_cv_sys_global_symbol_to_c_name_address_lib_prefix='sed -n -e '\''s/^: \([^ ]*\)[ ]*$/  {\"\1\", (void *) 0},/p'\'' -e '\''s/^[ABCDGIRSTW]* \([^ ]*\) \(lib[^ ]*\)$/  {"\2", (void *) \&\2},/p'\'' -e '\''s/^[ABCDGIRSTW]* \([^ ]*\) \([^ ]*\)$/  {"lib\2", (void *) \&\2},/p'\'''
lt_cv_sys_global_symbol_to_cdecl='sed -n -e '\''s/^T .* \(.*\)$/extern int \1();/p'\'' -e '\''s/^[ABCDGIRSTW]* .* \(.*\)$/extern char \1;/p'\'''
lt_cv_sys_max_cmd_len=1572864
lt_cv_to_host_file_cmd=func_convert_file_noop
lt_cv_to_tool_file_cmd=func_convert_file_noop

## ----------------- ##
## Output variables. ##
## ----------------- ##

ACLOCAL='${SHELL} /home/martijn/Bureaublad/Boblight/build/missing --run aclocal-1.11'
AMDEPBACKSLASH='\'
AMDEP_FALSE='#'
AMDEP_TRUE=''
AMTAR='$${TAR-tar}'
AR='mipsel-unknown-linux-gnu-ar'
AUTOCONF='${SHELL} /home/martijn/Bureaublad/Boblight/build/missing --run autoconf'
AUTOHEADER='${SHELL} /home/martijn/Bureaublad/Boblight/build/missing --run autoheader'
AUTOMAKE='${SHELL} /home/martijn/Bureaublad/Boblight/build/missing --run automake-1.11'
AWK='gawk'
CC='mipsel-unknown-linux-gnu-gcc'
CCDEPMODE='depmode=gcc3'
CFLAGS='-O3'
CPP='mipsel-unknown-linux-gnu-gcc -E'
CPPFLAGS='-mhard-float'
CXX='mipsel-unknown-linux-gnu-g++'
CXXCPP='mipsel-unknown-linux-gnu-g++ -E'
CXXDEPMODE='depmode=gcc3'
CXXFLAGS='-O3'
CYGPATH_W='echo'
DEFS='-DHAVE_CONFIG_H'
DEPDIR='.deps'
DLLTOOL='false'
DSYMUTIL=''
DUMPBIN=''
ECHO_C=''
ECHO_N='-n'
ECHO_T=''
EGREP='/bin/grep -E'
EXEEXT=''
FGREP='/bin/grep -F'
GREP='/bin/grep'
INSTALL_DATA='${INSTALL} -m 644'
INSTALL_PROGRAM='${INSTALL}'
INSTALL_SCRIPT='${INSTALL}'
INSTALL_STRIP_PROGRAM='$(install_sh) -c -s'
LD='/opt/mipsel-unknown-linux-gnu/mipsel-unknown-linux-gnu/bin/ld'
LDFLAGS=''
LIBOBJS=''
LIBS='-lusb-1.0 -lstdc++ -ldl -lm -lrt -lpthread '
LIBTOOL='$(SHELL) $(top_builddir)/libtool'
LIPO=''
LN_S='ln -s'
LTLIBOBJS=''
MAINT='#'
MAINTAINER_MODE_FALSE=''
MAINTAINER_MODE_TRUE='#'
MAKEINFO='${SHELL} /home/martijn/Bureaublad/Boblight/build/missing --run makeinfo'
MANIFEST_TOOL=':'
MKDIR_P='/bin/mkdir -p'
NM='/opt/mipsel-unknown-linux-gnu/bin//mipsel-unknown-linux-gnu-nm -B'
NMEDIT=''
OBJDUMP='mipsel-unknown-linux-gnu-objdump'
OBJEXT='o'
OTOOL64=''
OTOOL=''
PACKAGE='boblight'
PACKAGE_BUGREPORT=''
PACKAGE_NAME='boblight'
PACKAGE_STRING='boblight 2.0'
PACKAGE_TARNAME='boblight'
PACKAGE_URL=''
PACKAGE_VERSION='2.0'
PATH_SEPARATOR=':'
RANLIB='mipsel-unknown-linux-gnu-ranlib'
SED='/bin/sed'
SET_MAKE=''
SHELL='/bin/bash'
STRIP='mipsel-unknown-linux-gnu-strip'
VERSION='2.0'
ac_ct_AR=''
ac_ct_CC=''
ac_ct_CXX=''
ac_ct_DUMPBIN=''
am__EXEEXT_FALSE=''
am__EXEEXT_TRUE='#'
am__fastdepCC_FALSE='#'
am__fastdepCC_TRUE=''
am__fastdepCXX_FALSE='#'
am__fastdepCXX_TRUE=''
am__include='include'
am__isrc=''
am__leading_dot='.'
am__nodep='_no'
am__quote=''
am__tar='$${TAR-tar} chof - "$$tardir"'
am__untar='$${TAR-tar} xf -'
bindir='${exec_prefix}/bin'
build='i686-pc-linux-gnu'
build_alias=''
build_cpu='i686'
build_os='linux-gnu'
build_vendor='pc'
datadir='${datarootdir}'
datarootdir='${prefix}/share'
docdir='${datarootdir}/doc/${PACKAGE_TARNAME}'
dvidir='${docdir}'
exec_prefix='${prefix}'
host='mipsel-unknown-linux-gnu'
host_alias='mipsel-unknown-linux-gnu'
host_cpu='mipsel'
host_os='linux-gnu'
host_vendor='unknown'
htmldir='${docdir}'
includedir='${prefix}/include'
infodir='${datarootdir}/info'
install_sh='${SHELL} /home/martijn/Bureaublad/Boblight/build/install-sh'
libdir='${exec_prefix}/lib'
libexecdir='${exec_prefix}/libexec'
localedir='${datarootdir}/locale'
localstatedir='${prefix}/var'
mandir='${datarootdir}/man'
mkdir_p='/bin/mkdir -p'
oldincludedir='/usr/include'
pdfdir='${docdir}'
prefix='/home/martijn/Bureaublad/Boblight/build/last-build'
program_transform_name='s,x,x,'
psdir='${docdir}'
sbindir='${exec_prefix}/sbin'
sharedstatedir='${prefix}/com'
sysconfdir='${prefix}/etc'
target_alias=''

## ----------- ##
## confdefs.h. ##
## ----------- ##

/* confdefs.h */
#define PACKAGE_NAME "boblight"
#define PACKAGE_TARNAME "boblight"
#define PACKAGE_VERSION "2.0"
#define PACKAGE_STRING "boblight 2.0"
#define PACKAGE_BUGREPORT ""
#define PACKAGE_URL ""
#define PACKAGE "boblight"
#define VERSION "2.0"
#define STDC_HEADERS 1
#define HAVE_SYS_TYPES_H 1
#define HAVE_SYS_STAT_H 1
#define HAVE_STDLIB_H 1
#define HAVE_STRING_H 1
#define HAVE_MEMORY_H 1
#define HAVE_STRINGS_H 1
#define HAVE_INTTYPES_H 1
#define HAVE_STDINT_H 1
#define HAVE_UNISTD_H 1
#define HAVE_DLFCN_H 1
#define LT_OBJDIR ".libs/"
#define HAVE_LIBPTHREAD 1
#define HAVE_LIBRT 1
#define HAVE_LIBM 1
#define HAVE_LIBDL 1
#define HAVE_LIBSTDC__ 1
#define HAVE_LIBUSB_1_0 1
#define HAVE_CLOCK_GETTIME 1
#define HAVE_PTHREAD_H 1

configure: exit 0
